<?xml version="1.0" encoding="UTF-8"?>
<testng-results skipped="0" failed="0" ignored="0" total="1" passed="1">
  <reporter-output>
  </reporter-output>
  <suite name="Suite" duration-ms="9826" started-at="2017-12-31T10:57:59Z" finished-at="2017-12-31T10:58:09Z">
    <groups>
    </groups>
    <test name="Test" duration-ms="9826" started-at="2017-12-31T10:57:59Z" finished-at="2017-12-31T10:58:09Z">
      <class name="testCases.TC_001">
        <test-method status="PASS" signature="testcase()[pri:0, instance:testCases.TC_001@3f0ee7cb]" name="testcase" duration-ms="9796" started-at="2017-12-31T18:57:59Z" finished-at="2017-12-31T18:58:09Z">
          <reporter-output>
          </reporter-output>
        </test-method> <!-- testcase -->
      </class> <!-- testCases.TC_001 -->
    </test> <!-- Test -->
  </suite> <!-- Suite -->
</testng-results>
