<?xml version="1.0" encoding="UTF-8"?>
<testng-results skipped="0" failed="0" ignored="0" total="1" passed="1">
  <reporter-output>
  </reporter-output>
  <suite name="Suite" duration-ms="9145" started-at="2017-12-31T14:17:56Z" finished-at="2017-12-31T14:18:05Z">
    <groups>
    </groups>
    <test name="Test" duration-ms="9145" started-at="2017-12-31T14:17:56Z" finished-at="2017-12-31T14:18:05Z">
      <class name="testCases.TC_001">
        <test-method status="PASS" signature="testcase()[pri:0, instance:testCases.TC_001@d041cf]" name="testcase" duration-ms="9110" started-at="2017-12-31T22:17:56Z" finished-at="2017-12-31T22:18:05Z">
          <reporter-output>
          </reporter-output>
        </test-method> <!-- testcase -->
      </class> <!-- testCases.TC_001 -->
    </test> <!-- Test -->
  </suite> <!-- Suite -->
</testng-results>
